2019-10-15 14:28:22,737 - Velocimacro : autoload off : VM system will not automatically reload global library macros
2019-10-15 14:29:52,267 - Log4JLogChute initialized using file 'velocity.log'
2019-10-15 14:29:52,267 - Initializing Velocity, Calling init()...
2019-10-15 14:29:52,267 - Starting Apache Velocity v1.7 (compiled: 2010-11-19 12:14:37)
2019-10-15 14:29:52,267 - Default Properties File: org\apache\velocity\runtime\defaults\velocity.properties
2019-10-15 14:29:52,267 - Trying to use logger class org.apache.velocity.runtime.log.AvalonLogChute
2019-10-15 14:29:52,267 - Target log system for org.apache.velocity.runtime.log.AvalonLogChute is not available (java.lang.NoClassDefFoundError: org/apache/log/format/Formatter).  Falling back to next log system...
2019-10-15 14:29:52,267 - Trying to use logger class org.apache.velocity.runtime.log.Log4JLogChute
2019-10-15 14:29:52,267 - Using logger class org.apache.velocity.runtime.log.Log4JLogChute
2019-10-15 14:29:52,270 - ResourceLoader instantiated: org.apache.velocity.runtime.resource.loader.FileResourceLoader
2019-10-15 14:29:52,271 - Do unicode file recognition:  false
2019-10-15 14:29:52,271 - FileResourceLoader : adding path '.'
2019-10-15 14:29:52,277 - ResourceCache: initialized (class org.apache.velocity.runtime.resource.ResourceCacheImpl) with class java.util.Collections$SynchronizedMap cache map.
2019-10-15 14:29:52,277 - Loaded System Directive: org.apache.velocity.runtime.directive.Stop
2019-10-15 14:29:52,278 - Loaded System Directive: org.apache.velocity.runtime.directive.Define
2019-10-15 14:29:52,278 - Loaded System Directive: org.apache.velocity.runtime.directive.Break
2019-10-15 14:29:52,279 - Loaded System Directive: org.apache.velocity.runtime.directive.Evaluate
2019-10-15 14:29:52,279 - Loaded System Directive: org.apache.velocity.runtime.directive.Literal
2019-10-15 14:29:52,279 - Loaded System Directive: org.apache.velocity.runtime.directive.Macro
2019-10-15 14:29:52,280 - Loaded System Directive: org.apache.velocity.runtime.directive.Parse
2019-10-15 14:29:52,281 - Loaded System Directive: org.apache.velocity.runtime.directive.Include
2019-10-15 14:29:52,281 - Loaded System Directive: org.apache.velocity.runtime.directive.Foreach
2019-10-15 14:29:52,298 - Created '20' parsers.
2019-10-15 14:29:52,301 - Velocimacro : "velocimacro.library" is not set.  Trying default library: VM_global_library.vm
2019-10-15 14:29:52,301 - Velocimacro : Default library not found.
2019-10-15 14:29:52,301 - Velocimacro : allowInline = true : VMs can be defined inline in templates
2019-10-15 14:29:52,301 - Velocimacro : allowInlineToOverride = false : VMs defined inline may NOT replace previous VM definitions
2019-10-15 14:29:52,301 - Velocimacro : allowInlineLocal = false : VMs defined inline will be global in scope if allowed.
2019-10-15 14:29:52,301 - Velocimacro : autoload off : VM system will not automatically reload global library macros
2019-10-15 14:30:47,393 - Log4JLogChute initialized using file 'velocity.log'
2019-10-15 14:30:47,393 - Initializing Velocity, Calling init()...
2019-10-15 14:30:47,393 - Starting Apache Velocity v1.7 (compiled: 2010-11-19 12:14:37)
2019-10-15 14:30:47,393 - Default Properties File: org\apache\velocity\runtime\defaults\velocity.properties
2019-10-15 14:30:47,393 - Trying to use logger class org.apache.velocity.runtime.log.AvalonLogChute
2019-10-15 14:30:47,393 - Target log system for org.apache.velocity.runtime.log.AvalonLogChute is not available (java.lang.NoClassDefFoundError: org/apache/log/format/Formatter).  Falling back to next log system...
2019-10-15 14:30:47,393 - Trying to use logger class org.apache.velocity.runtime.log.Log4JLogChute
2019-10-15 14:30:47,393 - Using logger class org.apache.velocity.runtime.log.Log4JLogChute
2019-10-15 14:30:47,396 - ResourceLoader instantiated: org.apache.velocity.runtime.resource.loader.FileResourceLoader
2019-10-15 14:30:47,396 - Do unicode file recognition:  false
2019-10-15 14:30:47,396 - FileResourceLoader : adding path '.'
2019-10-15 14:30:47,402 - ResourceCache: initialized (class org.apache.velocity.runtime.resource.ResourceCacheImpl) with class java.util.Collections$SynchronizedMap cache map.
2019-10-15 14:30:47,403 - Loaded System Directive: org.apache.velocity.runtime.directive.Stop
2019-10-15 14:30:47,403 - Loaded System Directive: org.apache.velocity.runtime.directive.Define
2019-10-15 14:30:47,403 - Loaded System Directive: org.apache.velocity.runtime.directive.Break
2019-10-15 14:30:47,404 - Loaded System Directive: org.apache.velocity.runtime.directive.Evaluate
2019-10-15 14:30:47,404 - Loaded System Directive: org.apache.velocity.runtime.directive.Literal
2019-10-15 14:30:47,405 - Loaded System Directive: org.apache.velocity.runtime.directive.Macro
2019-10-15 14:30:47,405 - Loaded System Directive: org.apache.velocity.runtime.directive.Parse
2019-10-15 14:30:47,406 - Loaded System Directive: org.apache.velocity.runtime.directive.Include
2019-10-15 14:30:47,406 - Loaded System Directive: org.apache.velocity.runtime.directive.Foreach
2019-10-15 14:30:47,423 - Created '20' parsers.
2019-10-15 14:30:47,426 - Velocimacro : "velocimacro.library" is not set.  Trying default library: VM_global_library.vm
2019-10-15 14:30:47,427 - Velocimacro : Default library not found.
2019-10-15 14:30:47,427 - Velocimacro : allowInline = true : VMs can be defined inline in templates
2019-10-15 14:30:47,427 - Velocimacro : allowInlineToOverride = false : VMs defined inline may NOT replace previous VM definitions
2019-10-15 14:30:47,427 - Velocimacro : allowInlineLocal = false : VMs defined inline will be global in scope if allowed.
2019-10-15 14:30:47,427 - Velocimacro : autoload off : VM system will not automatically reload global library macros
